<?xml version="1.0" encoding="UTF-8" standalone="no"?>
<!DOCTYPE log SYSTEM "logger.dtd">
<log>
<record>
  <date>2017-07-26T16:07:57.034-0300</date>
  <logger>AMINTAS VICTOR RAMOS PEREIRA</logger>
  <level>FINE</level>
  <message>File 116110761-AMINTAS VICTOR RAMOS PEREIRA.zip was received. It was sent by AMINTAS VICTOR RAMOS PEREIRA from IP 127.0.1.1</message>
</record>
</log>
<?xml version="1.0" encoding="UTF-8" standalone="no"?>
<!DOCTYPE log SYSTEM "logger.dtd">
<log>
<record>
  <date>2017-07-26T18:47:43.113-0300</date>
  <logger>AMINTAS VICTOR RAMOS PEREIRA</logger>
  <level>FINE</level>
  <message>File 116110761-AMINTAS VICTOR RAMOS PEREIRA.zip was received. It was sent by AMINTAS VICTOR RAMOS PEREIRA from IP 127.0.1.1</message>
</record>
</log>
<?xml version="1.0" encoding="UTF-8" standalone="no"?>
<!DOCTYPE log SYSTEM "logger.dtd">
<log>
<record>
  <date>2017-07-26T18:52:42.477-0300</date>
  <logger>AMINTAS VICTOR RAMOS PEREIRA</logger>
  <level>FINE</level>
  <message>File 116110761-AMINTAS VICTOR RAMOS PEREIRA.zip was received. It was sent by AMINTAS VICTOR RAMOS PEREIRA from IP 127.0.1.1</message>
</record>
</log>
<?xml version="1.0" encoding="UTF-8" standalone="no"?>
<!DOCTYPE log SYSTEM "logger.dtd">
<log>
<record>
  <date>2017-07-27T01:47:25.400-0300</date>
  <logger>AMINTAS VICTOR RAMOS PEREIRA</logger>
  <level>FINE</level>
  <message>File 116110761-AMINTAS VICTOR RAMOS PEREIRA.zip was received. It was sent by AMINTAS VICTOR RAMOS PEREIRA from IP 127.0.1.1</message>
</record>
</log>
<?xml version="1.0" encoding="UTF-8" standalone="no"?>
<!DOCTYPE log SYSTEM "logger.dtd">
<log>
<record>
  <date>2017-07-27T01:53:31.412-0300</date>
  <logger>AMINTAS VICTOR RAMOS PEREIRA</logger>
  <level>FINE</level>
  <message>File 116110761-AMINTAS VICTOR RAMOS PEREIRA.zip was received. It was sent by AMINTAS VICTOR RAMOS PEREIRA from IP 127.0.1.1</message>
</record>
</log>
<?xml version="1.0" encoding="UTF-8" standalone="no"?>
<!DOCTYPE log SYSTEM "logger.dtd">
<log>
<record>
  <date>2017-07-27T13:07:24.218-0300</date>
  <logger>AMINTAS VICTOR RAMOS PEREIRA</logger>
  <level>FINE</level>
  <message>File 116110761-AMINTAS VICTOR RAMOS PEREIRA.zip was received. It was sent by AMINTAS VICTOR RAMOS PEREIRA from IP 127.0.1.1</message>
</record>
</log>
<?xml version="1.0" encoding="UTF-8" standalone="no"?>
<!DOCTYPE log SYSTEM "logger.dtd">
<log>
<record>
  <date>2017-07-27T18:55:43.492-0300</date>
  <logger>AMINTAS VICTOR RAMOS PEREIRA</logger>
  <level>FINE</level>
  <message>File 116110761-AMINTAS VICTOR RAMOS PEREIRA.zip was received. It was sent by AMINTAS VICTOR RAMOS PEREIRA from IP 127.0.1.1</message>
</record>
