<?xml version="1.0" encoding="UTF-8" standalone="no"?>
<!DOCTYPE log SYSTEM "logger.dtd">
<log>
<record>
  <date>2017-07-19T16:16:32.710-0300</date>
  <logger>AMINTAS VICTOR RAMOS PEREIRA</logger>
  <level>FINE</level>
  <message>File 116110761-AMINTAS VICTOR RAMOS PEREIRA.zip was received. It was sent by AMINTAS VICTOR RAMOS PEREIRA from IP 127.0.1.1</message>
</record>
</log>
<?xml version="1.0" encoding="UTF-8" standalone="no"?>
<!DOCTYPE log SYSTEM "logger.dtd">
<log>
<record>
  <date>2017-07-19T19:49:58.083-0300</date>
  <logger>AMINTAS VICTOR RAMOS PEREIRA</logger>
  <level>FINE</level>
  <message>File 116110761-AMINTAS VICTOR RAMOS PEREIRA.zip was received. It was sent by AMINTAS VICTOR RAMOS PEREIRA from IP 127.0.1.1</message>
</record>
</log>
<?xml version="1.0" encoding="UTF-8" standalone="no"?>
<!DOCTYPE log SYSTEM "logger.dtd">
<log>
<record>
  <date>2017-07-19T20:18:25.968-0300</date>
  <logger>AMINTAS VICTOR RAMOS PEREIRA</logger>
  <level>FINE</level>
  <message>File 116110761-AMINTAS VICTOR RAMOS PEREIRA.zip was received. It was sent by AMINTAS VICTOR RAMOS PEREIRA from IP 127.0.1.1</message>
</record>
</log>
<?xml version="1.0" encoding="UTF-8" standalone="no"?>
<!DOCTYPE log SYSTEM "logger.dtd">
<log>
<record>
  <date>2017-07-19T22:22:18.183-0300</date>
  <logger>AMINTAS VICTOR RAMOS PEREIRA</logger>
  <level>FINE</level>
  <message>File 116110761-AMINTAS VICTOR RAMOS PEREIRA.zip was received. It was sent by AMINTAS VICTOR RAMOS PEREIRA from IP 127.0.1.1</message>
</record>
</log>
<?xml version="1.0" encoding="UTF-8" standalone="no"?>
<!DOCTYPE log SYSTEM "logger.dtd">
<log>
<record>
  <date>2017-07-19T23:27:16.162-0300</date>
  <logger>AMINTAS VICTOR RAMOS PEREIRA</logger>
  <level>FINE</level>
  <message>File 116110761-AMINTAS VICTOR RAMOS PEREIRA.zip was received. It was sent by AMINTAS VICTOR RAMOS PEREIRA from IP 127.0.1.1</message>
</record>
