<?xml version="1.0" encoding="UTF-8" standalone="no"?>
<!DOCTYPE log SYSTEM "logger.dtd">
<log>
<record>
  <date>2017-07-24T14:14:20.835-0300</date>
  <logger>AMINTAS VICTOR RAMOS PEREIRA</logger>
  <level>FINE</level>
  <message>File 116110761-AMINTAS VICTOR RAMOS PEREIRA.zip was received. It was sent by AMINTAS VICTOR RAMOS PEREIRA from IP 127.0.1.1</message>
</record>
</log>
<?xml version="1.0" encoding="UTF-8" standalone="no"?>
<!DOCTYPE log SYSTEM "logger.dtd">
<log>
<record>
  <date>2017-07-24T21:43:15.932-0300</date>
  <logger>AMINTAS VICTOR RAMOS PEREIRA</logger>
  <level>FINE</level>
  <message>File 116110761-AMINTAS VICTOR RAMOS PEREIRA.zip was received. It was sent by AMINTAS VICTOR RAMOS PEREIRA from IP 127.0.1.1</message>
</record>
</log>
<?xml version="1.0" encoding="UTF-8" standalone="no"?>
<!DOCTYPE log SYSTEM "logger.dtd">
<log>
<record>
  <date>2017-07-24T22:13:51.002-0300</date>
  <logger>AMINTAS VICTOR RAMOS PEREIRA</logger>
  <level>FINE</level>
  <message>File 116110761-AMINTAS VICTOR RAMOS PEREIRA.zip was received. It was sent by AMINTAS VICTOR RAMOS PEREIRA from IP 127.0.1.1</message>
</record>
